2012/07/18 00:01:43 [error] [exception.CException] exception 'CException' with message 'SiteController contains improperly nested widget tags in its view "/usr/local/apache2/htdocs/cursos/htdocs/cursos/themes/training/views//layouts/column1.php". A CContentDecorator widget does not have an endWidget() call.' in /usr/local/apache2/htdocs/cursos/htdocs/framework/web/CBaseController.php:102
Stack trace:
#0 /usr/local/apache2/htdocs/cursos/htdocs/framework/web/CController.php(785): CBaseController->renderFile('/usr/local/apac...', Array, true)
#1 /usr/local/apache2/htdocs/cursos/htdocs/cursos/protected/controllers/SiteController.php(32): CController->render('index')
#2 /usr/local/apache2/htdocs/cursos/htdocs/framework/web/actions/CInlineAction.php(50): SiteController->actionIndex()
#3 /usr/local/apache2/htdocs/cursos/htdocs/framework/web/CController.php(309): CInlineAction->runWithParams(Array)
#4 /usr/local/apache2/htdocs/cursos/htdocs/framework/web/CController.php(287): CController->runAction(Object(CInlineAction))
#5 /usr/local/apache2/htdocs/cursos/htdocs/framework/web/CController.php(266): CController->runActionWithFilters(Object(CInlineAction), Array)
#6 /usr/local/apache2/htdocs/cursos/htdocs/framework/web/CWebApplication.php(276): CController->run('')
#7 /usr/local/apache2/htdocs/cursos/htdocs/framework/web/CWebApplication.php(135): CWebApplication->runController('')
#8 /usr/local/apache2/htdocs/cursos/htdocs/framework/base/CApplication.php(162): CWebApplication->processRequest()
#9 /usr/local/apache2/htdocs/cursos/htdocs/cursos/index.php(13): CApplication->run()
#10 {main}
REQUEST_URI=/cursos/htdocs/cursos/
---
2012/07/18 00:01:44 [error] [exception.CException] exception 'CException' with message 'SiteController contains improperly nested widget tags in its view "/usr/local/apache2/htdocs/cursos/htdocs/cursos/themes/training/views//layouts/column1.php". A CContentDecorator widget does not have an endWidget() call.' in /usr/local/apache2/htdocs/cursos/htdocs/framework/web/CBaseController.php:102
Stack trace:
#0 /usr/local/apache2/htdocs/cursos/htdocs/framework/web/CController.php(785): CBaseController->renderFile('/usr/local/apac...', Array, true)
#1 /usr/local/apache2/htdocs/cursos/htdocs/cursos/protected/controllers/SiteController.php(32): CController->render('index')
#2 /usr/local/apache2/htdocs/cursos/htdocs/framework/web/actions/CInlineAction.php(50): SiteController->actionIndex()
#3 /usr/local/apache2/htdocs/cursos/htdocs/framework/web/CController.php(309): CInlineAction->runWithParams(Array)
#4 /usr/local/apache2/htdocs/cursos/htdocs/framework/web/CController.php(287): CController->runAction(Object(CInlineAction))
#5 /usr/local/apache2/htdocs/cursos/htdocs/framework/web/CController.php(266): CController->runActionWithFilters(Object(CInlineAction), Array)
#6 /usr/local/apache2/htdocs/cursos/htdocs/framework/web/CWebApplication.php(276): CController->run('')
#7 /usr/local/apache2/htdocs/cursos/htdocs/framework/web/CWebApplication.php(135): CWebApplication->runController('')
#8 /usr/local/apache2/htdocs/cursos/htdocs/framework/base/CApplication.php(162): CWebApplication->processRequest()
#9 /usr/local/apache2/htdocs/cursos/htdocs/cursos/index.php(13): CApplication->run()
#10 {main}
REQUEST_URI=/cursos/htdocs/cursos/
---
2012/07/18 00:24:08 [error] [exception.CException] exception 'CException' with message 'CoursesController cannot find the requested view "create".' in /usr/local/apache2/htdocs/cursos/htdocs/framework/web/CController.php:879
Stack trace:
#0 /usr/local/apache2/htdocs/cursos/htdocs/framework/web/CController.php(783): CController->renderPartial('create', Array, true)
#1 /usr/local/apache2/htdocs/cursos/htdocs/cursos/protected/controllers/CoursesController.php(78): CController->render('create', Array)
#2 /usr/local/apache2/htdocs/cursos/htdocs/framework/web/actions/CInlineAction.php(50): CoursesController->actionCreate()
#3 /usr/local/apache2/htdocs/cursos/htdocs/framework/web/CController.php(309): CInlineAction->runWithParams(Array)
#4 /usr/local/apache2/htdocs/cursos/htdocs/framework/web/filters/CFilterChain.php(134): CController->runAction(Object(CInlineAction))
#5 /usr/local/apache2/htdocs/cursos/htdocs/framework/web/filters/CFilter.php(41): CFilterChain->run()
#6 /usr/local/apache2/htdocs/cursos/htdocs/framework/web/CController.php(1146): CFilter->filter(Object(CFilterChain))
#7 /usr/local/apache2/htdocs/cursos/htdocs/framework/web/filters/CInlineFilter.php(59): CController->filterAccessControl(Object(CFilterChain))
#8 /usr/local/apache2/htdocs/cursos/htdocs/framework/web/filters/CFilterChain.php(131): CInlineFilter->filter(Object(CFilterChain))
#9 /usr/local/apache2/htdocs/cursos/htdocs/framework/web/CController.php(292): CFilterChain->run()
#10 /usr/local/apache2/htdocs/cursos/htdocs/framework/web/CController.php(266): CController->runActionWithFilters(Object(CInlineAction), Array)
#11 /usr/local/apache2/htdocs/cursos/htdocs/framework/web/CWebApplication.php(276): CController->run('create')
#12 /usr/local/apache2/htdocs/cursos/htdocs/framework/web/CWebApplication.php(135): CWebApplication->runController('courses/create')
#13 /usr/local/apache2/htdocs/cursos/htdocs/framework/base/CApplication.php(162): CWebApplication->processRequest()
#14 /usr/local/apache2/htdocs/cursos/htdocs/cursos/index.php(13): CApplication->run()
#15 {main}
REQUEST_URI=/cursos/htdocs/cursos/index.php?r=courses/create
HTTP_REFERER=http://localhost/cursos/htdocs/cursos/index.php?r=site/login
---
2012/07/18 00:24:23 [error] [php] Missing argument 1 for CController::__construct(), called in /usr/local/apache2/htdocs/cursos/htdocs/cursos/protected/components/Controller.php on line 26 and defined (/usr/local/apache2/htdocs/cursos/htdocs/framework/web/CController.php:111)
Stack trace:
#0 /usr/local/apache2/htdocs/cursos/htdocs/framework/web/CWebApplication.php(270): CWebApplication->createController()
#1 /usr/local/apache2/htdocs/cursos/htdocs/framework/web/CWebApplication.php(135): CWebApplication->runController()
#2 /usr/local/apache2/htdocs/cursos/htdocs/framework/base/CApplication.php(162): CWebApplication->processRequest()
#3 /usr/local/apache2/htdocs/cursos/htdocs/cursos/index.php(13): CWebApplication->run()
REQUEST_URI=/cursos/htdocs/cursos/index.php?r=courses/create
in /usr/local/apache2/htdocs/cursos/htdocs/cursos/protected/components/Controller.php (26)
in /usr/local/apache2/htdocs/cursos/htdocs/cursos/index.php (13)
